#
# A fatal error has been detected by the Java Runtime Environment:
#
#  EXCEPTION_ACCESS_VIOLATION (0xc0000005) at pc=0x5dad923b, pid=17700, tid=13560
#
# JRE version: Java(TM) SE Runtime Environment (7.0_45-b18) (build 1.7.0_45-b18)
# Java VM: Java HotSpot(TM) Server VM (24.45-b08 mixed mode windows-x86 )
# Problematic frame:
# V  [jvm.dll+0xe923b]
#
# Failed to write core dump. Minidumps are not enabled by default on client versions of Windows
#
# If you would like to submit a bug report, please visit:
#   http://bugreport.sun.com/bugreport/crash.jsp
#

---------------  T H R E A D  ---------------

Current thread (0x3789ec00):  JavaThread "JDWP Transport Listener: dt_socket" daemon [_thread_in_vm, id=13560, stack(0x37f90000,0x37fe0000)]

siginfo: ExceptionCode=0xc0000005, reading address 0x7469422f

Registers:
EAX=0x7469422f, EBX=0x00000000, ECX=0x7469422f, EDX=0x00000000
ESP=0x37fdf734, EBP=0x37fdf738, ESI=0x004b8dd8, EDI=0x37fdf818
EIP=0x5dad923b, EFLAGS=0x00010202

Top of Stack: (sp=0x37fdf734)
0x37fdf734:   004b8dd8 37fdf760 5dc1bc7a 7469422f
0x37fdf744:   37fdf79b 3789ec00 00000000 00000000
0x37fdf754:   00000000 3789ec00 3789ec00 37fdf79c
0x37fdf764:   6d019d9d 004b8dd8 7469422f 37fdf79b
0x37fdf774:   7469422f 6d00436d 7469422f 37fdf79b
0x37fdf784:   00000002 00000000 00000000 0000000a
0x37fdf794:   00000000 00888778 37fdf7bc 6d0044e0
0x37fdf7a4:   00000001 37fdf7d8 37fdf814 3789b180 

Instructions: (pc=0x5dad923b)
0x5dad921b:   89 4f 04 8b 56 0c 89 57 08 8b 46 10 89 47 0c 5f
0x5dad922b:   5e 5d c2 0c 00 55 8b ec 8b 45 08 56 85 c0 74 28
0x5dad923b:   8b 30 85 f6 74 22 81 fe fe fe fe fe 74 1a 8b 4e
0x5dad924b:   04 8b 41 08 8b 90 90 00 00 00 83 c1 08 ff d2 84 


Register to memory mapping:

EAX=0x7469422f is an unknown value
EBX=0x00000000 is an unknown value
ECX=0x7469422f is an unknown value
EDX=0x00000000 is an unknown value
ESP=0x37fdf734 is pointing into the stack for thread: 0x3789ec00
EBP=0x37fdf738 is pointing into the stack for thread: 0x3789ec00
ESI=0x004b8dd8 is an unknown value
EDI=0x37fdf818 is pointing into the stack for thread: 0x3789ec00


Stack: [0x37f90000,0x37fe0000],  sp=0x37fdf734,  free space=317k
Native frames: (J=compiled Java code, j=interpreted, Vv=VM code, C=native code)
V  [jvm.dll+0xe923b]
V  [jvm.dll+0x22bc7a]
C  [jdwp.dll+0x19d9d]
C  [jdwp.dll+0x44e0]
C  [jdwp.dll+0x451e]


---------------  P R O C E S S  ---------------

Java Threads: ( => current thread )
  0x39101000 JavaThread "http-localhost-127.0.0.1-28080-2" daemon [_thread_blocked, id=10080, stack(0x3a800000,0x3a850000)]
  0x390ff400 JavaThread "http-localhost-127.0.0.1-28080-1" daemon [_thread_blocked, id=8268, stack(0x383b0000,0x38400000)]
  0x3dd74400 JavaThread "Remoting "n9731:MANAGEMENT" task-4" [_thread_blocked, id=19832, stack(0x3ed40000,0x3ed90000)]
  0x3dd73c00 JavaThread "Remoting "n9731:MANAGEMENT" task-3" [_thread_blocked, id=20104, stack(0x3efd0000,0x3f020000)]
  0x3dd73800 JavaThread "Remoting "n9731:MANAGEMENT" task-2" [_thread_blocked, id=19432, stack(0x3e870000,0x3e8c0000)]
  0x3dd73000 JavaThread "Remoting "n9731:MANAGEMENT" task-1" [_thread_blocked, id=9672, stack(0x3ef20000,0x3ef70000)]
  0x3dd72400 JavaThread "DefaultQuartzScheduler_QuartzSchedulerThread" [_thread_blocked, id=19824, stack(0x3ee70000,0x3eec0000)]
  0x3dd72000 JavaThread "DefaultQuartzScheduler_Worker-9" [_thread_blocked, id=19416, stack(0x3edd0000,0x3ee20000)]
  0x3dd71800 JavaThread "DefaultQuartzScheduler_Worker-8" [_thread_blocked, id=18476, stack(0x3ec40000,0x3ec90000)]
  0x39d11c00 JavaThread "DefaultQuartzScheduler_Worker-7" [_thread_blocked, id=19500, stack(0x3eac0000,0x3eb10000)]
  0x39d11400 JavaThread "DefaultQuartzScheduler_Worker-6" [_thread_blocked, id=19216, stack(0x3eb80000,0x3ebd0000)]
  0x39d11000 JavaThread "DefaultQuartzScheduler_Worker-5" [_thread_blocked, id=20164, stack(0x3d660000,0x3d6b0000)]
  0x39d10800 JavaThread "DefaultQuartzScheduler_Worker-4" [_thread_blocked, id=16704, stack(0x3e9d0000,0x3ea20000)]
  0x39d10400 JavaThread "DefaultQuartzScheduler_Worker-3" [_thread_blocked, id=18796, stack(0x3e8d0000,0x3e920000)]
  0x38c91000 JavaThread "DefaultQuartzScheduler_Worker-2" [_thread_blocked, id=20456, stack(0x3d730000,0x3d780000)]
  0x38c90c00 JavaThread "DefaultQuartzScheduler_Worker-1" [_thread_blocked, id=10272, stack(0x3a930000,0x3a980000)]
  0x39969800 JavaThread "DefaultQuartzScheduler_Worker-0" [_thread_blocked, id=19988, stack(0x3a9a0000,0x3a9f0000)]
  0x38c8f800 JavaThread "Transaction Reaper Worker 0" daemon [_thread_blocked, id=15408, stack(0x3d850000,0x3d8a0000)]
  0x38c8f000 JavaThread "Transaction Reaper" daemon [_thread_blocked, id=12084, stack(0x3d2a0000,0x3d2f0000)]
  0x38c8ec00 JavaThread "http-localhost-127.0.0.1-28080-Acceptor-0" daemon [_thread_in_native, id=14872, stack(0x3d6b0000,0x3d700000)]
  0x38c8e400 JavaThread "http-localhost-127.0.0.1-28080-Poller" daemon [_thread_blocked, id=15684, stack(0x3d250000,0x3d2a0000)]
  0x38c8e000 JavaThread "Thread-60" [_thread_in_native, id=19268, stack(0x3d540000,0x3d590000)]
  0x38c8d800 JavaThread "Periodic Recovery" [_thread_blocked, id=8960, stack(0x3d460000,0x3d4b0000)]
  0x3996b800 JavaThread "Transaction Expired Entry Monitor" daemon [_thread_blocked, id=19620, stack(0x3d410000,0x3d460000)]
  0x3996b000 JavaThread "server-timer1" daemon [_thread_blocked, id=7052, stack(0x3d330000,0x3d380000)]
  0x3996ac00 JavaThread "server-timer" daemon [_thread_blocked, id=18920, stack(0x3d100000,0x3d150000)]
  0x3996a400 JavaThread "DeploymentScanner-threads - 2" [_thread_blocked, id=17016, stack(0x3d180000,0x3d1d0000)]
  0x3996a000 JavaThread "DeploymentScanner-threads - 1" [_thread_blocked, id=6120, stack(0x3c9e0000,0x3ca30000)]
  0x39969400 JavaThread "Timer-0" [_thread_blocked, id=18848, stack(0x3cfa0000,0x3cff0000)]
  0x39968c00 JavaThread "ContainerBackgroundProcessor[StandardEngine[jboss.web]]" daemon [_thread_blocked, id=15844, stack(0x3cf30000,0x3cf80000)]
  0x39968400 JavaThread "Remoting "n9731" write-1" [_thread_in_native, id=17128, stack(0x3cd40000,0x3cd90000)]
  0x39968000 JavaThread "Remoting "n9731" read-1" [_thread_in_native, id=12460, stack(0x3cb10000,0x3cb60000)]
  0x395f0c00 JavaThread "Remoting "n9731:MANAGEMENT" write-1" [_thread_in_native, id=17124, stack(0x3cc40000,0x3cc90000)]
  0x395f0400 JavaThread "Remoting "n9731:MANAGEMENT" read-1" [_thread_in_native, id=18504, stack(0x3cba0000,0x3cbf0000)]
  0x395f0000 JavaThread "ConnectionValidator" daemon [_thread_blocked, id=19372, stack(0x3c8e0000,0x3c930000)]
  0x395ef800 JavaThread "IdleRemover" daemon [_thread_blocked, id=18108, stack(0x3ca30000,0x3ca80000)]
  0x004bf400 JavaThread "DestroyJavaVM" [_thread_blocked, id=14248, stack(0x00e60000,0x00eb0000)]
  0x38e15800 JavaThread "MSC service thread 1-8" [_thread_blocked, id=19880, stack(0x3a7b0000,0x3a800000)]
  0x38e15000 JavaThread "MSC service thread 1-7" [_thread_blocked, id=18764, stack(0x3a660000,0x3a6b0000)]
  0x38c0f400 JavaThread "MSC service thread 1-6" [_thread_blocked, id=20308, stack(0x3a6f0000,0x3a740000)]
  0x38c0ec00 JavaThread "MSC service thread 1-5" [_thread_blocked, id=5840, stack(0x3a4c0000,0x3a510000)]
  0x38d57400 JavaThread "MSC service thread 1-4" [_thread_blocked, id=9296, stack(0x3a2b0000,0x3a300000)]
  0x3901e800 JavaThread "MSC service thread 1-3" [_thread_blocked, id=20220, stack(0x39200000,0x39250000)]
  0x38890c00 JavaThread "MSC service thread 1-2" [_thread_blocked, id=19804, stack(0x3a360000,0x3a3b0000)]
  0x3919f800 JavaThread "MSC service thread 1-1" [_thread_blocked, id=20248, stack(0x3a300000,0x3a350000)]
  0x385c0400 JavaThread "Reference Reaper" daemon [_thread_blocked, id=5040, stack(0x38030000,0x38080000)]
  0x378bc400 JavaThread "Service Thread" daemon [_thread_blocked, id=18584, stack(0x37f30000,0x37f80000)]
  0x378b3400 JavaThread "C2 CompilerThread1" daemon [_thread_blocked, id=9864, stack(0x38350000,0x383a0000)]
  0x378aac00 JavaThread "C2 CompilerThread0" daemon [_thread_blocked, id=20280, stack(0x38300000,0x38350000)]
  0x378a7800 JavaThread "JDWP Command Reader" daemon [_thread_in_native, id=18996, stack(0x381e0000,0x38230000)]
  0x378a2000 JavaThread "JDWP Event Helper Thread" daemon [_thread_blocked, id=19580, stack(0x380c0000,0x38110000)]
=>0x3789ec00 JavaThread "JDWP Transport Listener: dt_socket" daemon [_thread_in_vm, id=13560, stack(0x37f90000,0x37fe0000)]
  0x37892000 JavaThread "Attach Listener" daemon [_thread_blocked, id=19820, stack(0x376c0000,0x37710000)]
  0x37889400 JavaThread "Signal Dispatcher" daemon [_thread_blocked, id=228, stack(0x01370000,0x013c0000)]
  0x3785a000 JavaThread "Finalizer" daemon [_thread_blocked, id=17564, stack(0x37620000,0x37670000)]
  0x37858000 JavaThread "Reference Handler" daemon [_thread_blocked, id=19640, stack(0x01250000,0x012a0000)]

Other Threads:
  0x37854c00 VMThread [stack: 0x375b0000,0x37600000] [id=15864]
  0x378c3400 WatcherThread [stack: 0x38510000,0x38560000] [id=19284]

VM state:not at safepoint (normal execution)

VM Mutex/Monitor currently owned by a thread: None

Heap
 PSYoungGen      total 100864K, used 15331K [0x2ad40000, 0x34740000, 0x35800000)
  eden space 94976K, 10% used [0x2ad40000,0x2b6951b0,0x30a00000)
  from space 5888K, 98% used [0x34180000,0x34723b68,0x34740000)
  to   space 22528K, 0% used [0x31b40000,0x31b40000,0x33140000)
 ParOldGen       total 81920K, used 43769K [0x15800000, 0x1a800000, 0x2ad40000)
  object space 81920K, 53% used [0x15800000,0x182be5b8,0x1a800000)
 PSPermGen       total 70400K, used 37810K [0x05800000, 0x09cc0000, 0x15800000)
  object space 70400K, 53% used [0x05800000,0x07cec818,0x09cc0000)

Card table byte_map: [0x00ff0000,0x01180000] byte_map_base: 0x00fc4000

Polling page: 0x001f0000

Code Cache  [0x027f0000, 0x02a30000, 0x057f0000)
 total_blobs=688 nmethods=508 adapters=141 free_code_cache=47559Kb largest_free_block=48661504

Compilation events (10 events):
Event: 1294.358 Thread 0x378aac00  555             java.util.logging.LogRecord::getLevel (5 bytes)
Event: 1294.359 Thread 0x378aac00 nmethod 555 0x02964c08 code [0x02964d00, 0x02964d50]
Event: 1316.362 Thread 0x378aac00  556 % !         org.quartz.simpl.SimpleThreadPool$WorkerThread::run @ 13 (168 bytes)
Event: 1316.378 Thread 0x378aac00 nmethod 556% 0x0296ae08 code [0x0296b000, 0x0296bbf4]
Event: 1359.357 Thread 0x378b3400  557             oracle.jdbc.driver.T4CMAREngine::unmarshalSB4 (8 bytes)
Event: 1359.357 Thread 0x378b3400 nmethod 557 0x0296ac08 code [0x0296ad00, 0x0296ad5c]
Event: 1374.660 Thread 0x378b3400  558             java.util.HashMap$KeySet::<init> (6 bytes)
Event: 1374.660 Thread 0x378aac00  559             java.util.HashMap$KeySet::<init> (10 bytes)
Event: 1374.661 Thread 0x378b3400 nmethod 558 0x0296a988 code [0x0296aa80, 0x0296aad0]
Event: 1374.661 Thread 0x378aac00 nmethod 559 0x02968648 code [0x02968740, 0x02968790]

GC Heap History (10 events):
Event: 4.229 GC heap before
{Heap before GC invocations=5 (full 0):
 PSYoungGen      total 36352K, used 36349K [0x2ad40000, 0x2d340000, 0x35800000)
  eden space 33792K, 100% used [0x2ad40000,0x2ce40000,0x2ce40000)
  from space 2560K, 99% used [0x2d0c0000,0x2d33f680,0x2d340000)
  to   space 2560K, 0% used [0x2ce40000,0x2ce40000,0x2d0c0000)
 ParOldGen       total 43776K, used 13404K [0x15800000, 0x182c0000, 0x2ad40000)
  object space 43776K, 30% used [0x15800000,0x16517098,0x182c0000)
 PSPermGen       total 19712K, used 19594K [0x05800000, 0x06b40000, 0x15800000)
  object space 19712K, 99% used [0x05800000,0x06b228b8,0x06b40000)
Event: 4.256 GC heap after
Heap after GC invocations=5 (full 0):
 PSYoungGen      total 36352K, used 2557K [0x2ad40000, 0x306c0000, 0x35800000)
  eden space 33792K, 0% used [0x2ad40000,0x2ad40000,0x2ce40000)
  from space 2560K, 99% used [0x2ce40000,0x2d0bf680,0x2d0c0000)
  to   space 12032K, 0% used [0x2fb00000,0x2fb00000,0x306c0000)
 ParOldGen       total 43776K, used 23110K [0x15800000, 0x182c0000, 0x2ad40000)
  object space 43776K, 52% used [0x15800000,0x16e919b8,0x182c0000)
 PSPermGen       total 19712K, used 19594K [0x05800000, 0x06b40000, 0x15800000)
  object space 19712K, 99% used [0x05800000,0x06b228b8,0x06b40000)
}
Event: 5.573 GC heap before
{Heap before GC invocations=6 (full 0):
 PSYoungGen      total 36352K, used 36349K [0x2ad40000, 0x306c0000, 0x35800000)
  eden space 33792K, 100% used [0x2ad40000,0x2ce40000,0x2ce40000)
  from space 2560K, 99% used [0x2ce40000,0x2d0bf680,0x2d0c0000)
  to   space 12032K, 0% used [0x2fb00000,0x2fb00000,0x306c0000)
 ParOldGen       total 43776K, used 23110K [0x15800000, 0x182c0000, 0x2ad40000)
  object space 43776K, 52% used [0x15800000,0x16e919b8,0x182c0000)
 PSPermGen       total 24576K, used 24526K [0x05800000, 0x07000000, 0x15800000)
  object space 24576K, 99% used [0x05800000,0x06ff3ab0,0x07000000)
Event: 5.589 GC heap after
Heap after GC invocations=6 (full 0):
 PSYoungGen      total 77312K, used 12023K [0x2ad40000, 0x30b40000, 0x35800000)
  eden space 65280K, 0% used [0x2ad40000,0x2ad40000,0x2ed00000)
  from space 12032K, 99% used [0x2fb00000,0x306bddc8,0x306c0000)
  to   space 14336K, 0% used [0x2ed00000,0x2ed00000,0x2fb00000)
 ParOldGen       total 43776K, used 23970K [0x15800000, 0x182c0000, 0x2ad40000)
  object space 43776K, 54% used [0x15800000,0x16f68940,0x182c0000)
 PSPermGen       total 24576K, used 24526K [0x05800000, 0x07000000, 0x15800000)
  object space 24576K, 99% used [0x05800000,0x06ff3ab0,0x07000000)
}
Event: 18.159 GC heap before
{Heap before GC invocations=7 (full 0):
 PSYoungGen      total 77312K, used 77303K [0x2ad40000, 0x30b40000, 0x35800000)
  eden space 65280K, 100% used [0x2ad40000,0x2ed00000,0x2ed00000)
  from space 12032K, 99% used [0x2fb00000,0x306bddc8,0x306c0000)
  to   space 14336K, 0% used [0x2ed00000,0x2ed00000,0x2fb00000)
 ParOldGen       total 43776K, used 23970K [0x15800000, 0x182c0000, 0x2ad40000)
  object space 43776K, 54% used [0x15800000,0x16f68940,0x182c0000)
 PSPermGen       total 35328K, used 35302K [0x05800000, 0x07a80000, 0x15800000)
  object space 35328K, 99% used [0x05800000,0x07a79bf8,0x07a80000)
Event: 18.193 GC heap after
Heap after GC invocations=7 (full 0):
 PSYoungGen      total 79616K, used 14324K [0x2ad40000, 0x35800000, 0x35800000)
  eden space 65280K, 0% used [0x2ad40000,0x2ad40000,0x2ed00000)
  from space 14336K, 99% used [0x2ed00000,0x2fafd058,0x2fb00000)
  to   space 23040K, 0% used [0x34180000,0x34180000,0x35800000)
 ParOldGen       total 43776K, used 36655K [0x15800000, 0x182c0000, 0x2ad40000)
  object space 43776K, 83% used [0x15800000,0x17bcbe20,0x182c0000)
 PSPermGen       total 35328K, used 35302K [0x05800000, 0x07a80000, 0x15800000)
  object space 35328K, 99% used [0x05800000,0x07a79bf8,0x07a80000)
}
Event: 18.193 GC heap before
{Heap before GC invocations=8 (full 1):
 PSYoungGen      total 79616K, used 14324K [0x2ad40000, 0x35800000, 0x35800000)
  eden space 65280K, 0% used [0x2ad40000,0x2ad40000,0x2ed00000)
  from space 14336K, 99% used [0x2ed00000,0x2fafd058,0x2fb00000)
  to   space 23040K, 0% used [0x34180000,0x34180000,0x35800000)
 ParOldGen       total 43776K, used 36655K [0x15800000, 0x182c0000, 0x2ad40000)
  object space 43776K, 83% used [0x15800000,0x17bcbe20,0x182c0000)
 PSPermGen       total 35328K, used 35302K [0x05800000, 0x07a80000, 0x15800000)
  object space 35328K, 99% used [0x05800000,0x07a79bf8,0x07a80000)
Event: 18.450 GC heap after
Heap after GC invocations=8 (full 1):
 PSYoungGen      total 79616K, used 691K [0x2ad40000, 0x35800000, 0x35800000)
  eden space 65280K, 0% used [0x2ad40000,0x2ad40000,0x2ed00000)
  from space 14336K, 4% used [0x2ed00000,0x2edacca8,0x2fb00000)
  to   space 23040K, 0% used [0x34180000,0x34180000,0x35800000)
 ParOldGen       total 81920K, used 43769K [0x15800000, 0x1a800000, 0x2ad40000)
  object space 81920K, 53% used [0x15800000,0x182be5b8,0x1a800000)
 PSPermGen       total 70400K, used 35056K [0x05800000, 0x09cc0000, 0x15800000)
  object space 70400K, 49% used [0x05800000,0x07a3c238,0x09cc0000)
}
Event: 1174.225 GC heap before
{Heap before GC invocations=9 (full 1):
 PSYoungGen      total 79616K, used 65971K [0x2ad40000, 0x35800000, 0x35800000)
  eden space 65280K, 100% used [0x2ad40000,0x2ed00000,0x2ed00000)
  from space 14336K, 4% used [0x2ed00000,0x2edacca8,0x2fb00000)
  to   space 23040K, 0% used [0x34180000,0x34180000,0x35800000)
 ParOldGen       total 81920K, used 43769K [0x15800000, 0x1a800000, 0x2ad40000)
  object space 81920K, 53% used [0x15800000,0x182be5b8,0x1a800000)
 PSPermGen       total 70400K, used 37793K [0x05800000, 0x09cc0000, 0x15800000)
  object space 70400K, 53% used [0x05800000,0x07ce84b8,0x09cc0000)
Event: 1174.253 GC heap after
Heap after GC invocations=9 (full 1):
 PSYoungGen      total 100864K, used 5774K [0x2ad40000, 0x34740000, 0x35800000)
  eden space 94976K, 0% used [0x2ad40000,0x2ad40000,0x30a00000)
  from space 5888K, 98% used [0x34180000,0x34723b68,0x34740000)
  to   space 22528K, 0% used [0x31b40000,0x31b40000,0x33140000)
 ParOldGen       total 81920K, used 43769K [0x15800000, 0x1a800000, 0x2ad40000)
  object space 81920K, 53% used [0x15800000,0x182be5b8,0x1a800000)
 PSPermGen       total 70400K, used 37793K [0x05800000, 0x09cc0000, 0x15800000)
  object space 70400K, 53% used [0x05800000,0x07ce84b8,0x09cc0000)
}

Deoptimization events (10 events):
Event: 89.700 Thread 0x390ff400 Uncommon trap: reason=unhandled action=none pc=0x028a311c method=org.jboss.modules.ModuleClassLoader.findClass(Ljava/lang/String;ZZ)Ljava/lang/Class; @ 114
Event: 89.700 Thread 0x390ff400 Uncommon trap: reason=unhandled action=none pc=0x028a311c method=org.jboss.modules.ModuleClassLoader.findClass(Ljava/lang/String;ZZ)Ljava/lang/Class; @ 114
Event: 89.702 Thread 0x390ff400 Uncommon trap: reason=unhandled action=none pc=0x028a311c method=org.jboss.modules.ModuleClassLoader.findClass(Ljava/lang/String;ZZ)Ljava/lang/Class; @ 114
Event: 89.702 Thread 0x390ff400 Uncommon trap: reason=unhandled action=none pc=0x028a311c method=org.jboss.modules.ModuleClassLoader.findClass(Ljava/lang/String;ZZ)Ljava/lang/Class; @ 114
Event: 94.383 Thread 0x39969800 Uncommon trap: reason=unhandled action=none pc=0x028a311c method=org.jboss.modules.ModuleClassLoader.findClass(Ljava/lang/String;ZZ)Ljava/lang/Class; @ 114
Event: 135.411 Thread 0x38c8d800 Uncommon trap: reason=class_check action=maybe_recompile pc=0x0287959c method=java.io.DataInputStream.readFully([BII)V @ 34
Event: 135.411 Thread 0x38c8d800 Uncommon trap: reason=class_check action=maybe_recompile pc=0x0287959c method=java.io.DataInputStream.readFully([BII)V @ 34
Event: 379.377 Thread 0x3dd72000 Uncommon trap: reason=range_check action=make_not_entrant pc=0x028a1fc0 method=java.text.SimpleDateFormat.format(Ljava/util/Date;Ljava/lang/StringBuffer;Ljava/text/Format$FieldDelegate;)Ljava/lang/StringBuffer; @ 48
Event: 804.380 Thread 0x39d11000 Uncommon trap: reason=predicate action=maybe_recompile pc=0x0283e670 method=java.util.Arrays.fill([Ljava/lang/Object;Ljava/lang/Object;)V @ 10
Event: 1174.255 Thread 0x3785a000 Uncommon trap: reason=unreached action=reinterpret pc=0x02914ae0 method=java.lang.ref.Finalizer.remove()V @ 10

Internal exceptions (10 events):
Event: 19.043 Thread 0x390ff400 Threw 0x2bc99d28 at C:\re\jdk7u45\229\hotspot\src\share\vm\interpreter\interpreterRuntime.cpp:347
Event: 19.044 Thread 0x390ff400 Threw 0x2bc9bd08 at C:\re\jdk7u45\229\hotspot\src\share\vm\interpreter\interpreterRuntime.cpp:347
Event: 19.046 Thread 0x390ff400 Threw 0x2bca9468 at C:\re\jdk7u45\229\hotspot\src\share\vm\interpreter\interpreterRuntime.cpp:347
Event: 19.046 Thread 0x390ff400 Threw 0x2bca9e48 at C:\re\jdk7u45\229\hotspot\src\share\vm\interpreter\interpreterRuntime.cpp:347
Event: 19.046 Thread 0x390ff400 Threw 0x2bcaaeb8 at C:\re\jdk7u45\229\hotspot\src\share\vm\interpreter\interpreterRuntime.cpp:347
Event: 19.046 Thread 0x390ff400 Threw 0x2bcadb30 at C:\re\jdk7u45\229\hotspot\src\share\vm\interpreter\interpreterRuntime.cpp:347
Event: 81.437 Thread 0x390ff400 Threw 0x2bdae020 at C:\re\jdk7u45\229\hotspot\src\share\vm\prims\jni.cpp:743
Event: 107.519 Thread 0x390ff400 Threw 0x2c26b718 at C:\re\jdk7u45\229\hotspot\src\share\vm\interpreter\linkResolver.cpp:883
Event: 170.210 Thread 0x390ff400 Threw 0x2c36bc38 at C:\re\jdk7u45\229\hotspot\src\share\vm\prims\jni.cpp:743
Event: 304.273 Thread 0x390ff400 Threw 0x2cab04d0 at C:\re\jdk7u45\229\hotspot\src\share\vm\prims\jni.cpp:743

Events (10 events):
Event: 1174.255 Executing VM operation: RevokeBias done
Event: 1174.255 Executing VM operation: RevokeBias
Event: 1174.255 Executing VM operation: RevokeBias done
Event: 1174.255 Executing VM operation: RevokeBias
Event: 1174.255 Executing VM operation: RevokeBias done
Event: 1284.466 Thread 0x378aac00 flushing nmethod 0x02879108
Event: 1374.623 loading class 0x3772f6d8
Event: 1374.623 loading class 0x3772f6d8 done
Event: 1374.624 Executing VM operation: RedefineClasses
Event: 1374.641 Executing VM operation: RedefineClasses done


Dynamic libraries:
0x013c0000 - 0x013ef000 	C:\Program Files (x86)\Java\jdk1.7.0_45\bin\javaw.exe
0x77460000 - 0x775e0000 	C:\Windows\SysWOW64\ntdll.dll
0x755f0000 - 0x75700000 	C:\Windows\syswow64\kernel32.dll
0x75b40000 - 0x75b87000 	C:\Windows\syswow64\KERNELBASE.dll
0x749f0000 - 0x74a6a000 	C:\Windows\SysWOW64\SYSFER.DLL
0x752e0000 - 0x75381000 	C:\Windows\syswow64\ADVAPI32.dll
0x753a0000 - 0x7544c000 	C:\Windows\syswow64\msvcrt.dll
0x758b0000 - 0x758c9000 	C:\Windows\SysWOW64\sechost.dll
0x74e00000 - 0x74ef0000 	C:\Windows\syswow64\RPCRT4.dll
0x74bd0000 - 0x74c30000 	C:\Windows\syswow64\SspiCli.dll
0x74bc0000 - 0x74bcc000 	C:\Windows\syswow64\CRYPTBASE.dll
0x75ca0000 - 0x75da0000 	C:\Windows\syswow64\USER32.dll
0x75da0000 - 0x75e30000 	C:\Windows\syswow64\GDI32.dll
0x758d0000 - 0x758da000 	C:\Windows\syswow64\LPK.dll
0x76f10000 - 0x76fad000 	C:\Windows\syswow64\USP10.dll
0x72810000 - 0x729ae000 	C:\Windows\WinSxS\x86_microsoft.windows.common-controls_6595b64144ccf1df_6.0.7601.18837_none_41e855142bd5705d\COMCTL32.dll
0x75920000 - 0x75977000 	C:\Windows\syswow64\SHLWAPI.dll
0x75720000 - 0x75780000 	C:\Windows\system32\IMM32.DLL
0x75b90000 - 0x75c5d000 	C:\Windows\syswow64\MSCTF.dll
0x60320000 - 0x603df000 	C:\Program Files (x86)\Java\jdk1.7.0_45\jre\bin\msvcr100.dll
0x5d9f0000 - 0x5df99000 	C:\Program Files (x86)\Java\jdk1.7.0_45\jre\bin\server\jvm.dll
0x74830000 - 0x74837000 	C:\Windows\system32\WSOCK32.dll
0x75c60000 - 0x75c95000 	C:\Windows\syswow64\WS2_32.dll
0x75b30000 - 0x75b36000 	C:\Windows\syswow64\NSI.dll
0x73d00000 - 0x73d32000 	C:\Windows\system32\WINMM.dll
0x75910000 - 0x75915000 	C:\Windows\syswow64\PSAPI.DLL
0x70ab0000 - 0x70abc000 	C:\Program Files (x86)\Java\jdk1.7.0_45\jre\bin\verify.dll
0x691d0000 - 0x691f0000 	C:\Program Files (x86)\Java\jdk1.7.0_45\jre\bin\java.dll
0x6d000000 - 0x6d02a000 	C:\Program Files (x86)\Java\jdk1.7.0_45\jre\bin\jdwp.dll
0x72b40000 - 0x72b47000 	C:\Program Files (x86)\Java\jdk1.7.0_45\jre\bin\npt.dll
0x5fe70000 - 0x5fe83000 	C:\Program Files (x86)\Java\jdk1.7.0_45\jre\bin\zip.dll
0x72b50000 - 0x72b58000 	C:\Program Files (x86)\Java\jdk1.7.0_45\jre\bin\dt_socket.dll
0x748f0000 - 0x74900000 	C:\Windows\system32\NLAapi.dll
0x748e0000 - 0x748f0000 	C:\Windows\system32\napinsp.dll
0x748c0000 - 0x748d2000 	C:\Windows\system32\pnrpnsp.dll
0x74900000 - 0x7493c000 	C:\Windows\System32\mswsock.dll
0x74870000 - 0x748b4000 	C:\Windows\system32\DNSAPI.dll
0x74860000 - 0x74868000 	C:\Windows\System32\winrnr.dll
0x74850000 - 0x7485d000 	C:\Windows\system32\wshbth.dll
0x747d0000 - 0x747ec000 	C:\Windows\system32\IPHLPAPI.DLL
0x747c0000 - 0x747c7000 	C:\Windows\system32\WINNSI.DLL
0x74780000 - 0x747b8000 	C:\Windows\System32\fwpuclnt.dll
0x74840000 - 0x74846000 	C:\Windows\system32\rasadhlp.dll
0x74800000 - 0x74805000 	C:\Windows\System32\wshtcpip.dll
0x61e90000 - 0x61e9a000 	C:\Program Files (x86)\Java\jdk1.7.0_45\jre\bin\management.dll
0x5fe50000 - 0x5fe64000 	C:\Program Files (x86)\Java\jdk1.7.0_45\jre\bin\net.dll
0x747f0000 - 0x747f6000 	C:\Windows\System32\wship6.dll
0x608b0000 - 0x608bf000 	C:\Program Files (x86)\Java\jdk1.7.0_45\jre\bin\nio.dll
0x71eb0000 - 0x71ec2000 	C:\Windows\system32\dhcpcsvc.DLL
0x72790000 - 0x7279d000 	C:\Windows\system32\dhcpcsvc6.DLL
0x74600000 - 0x74617000 	C:\Windows\system32\CRYPTSP.dll
0x745c0000 - 0x745fb000 	C:\Windows\system32\rsaenh.dll
0x75800000 - 0x75817000 	C:\Windows\syswow64\USERENV.dll
0x75390000 - 0x7539b000 	C:\Windows\syswow64\profapi.dll
0x6fa90000 - 0x6fab0000 	C:\Program Files (x86)\Java\jdk1.7.0_45\jre\bin\sunec.dll
0x710b0000 - 0x710b9000 	C:\Program Files (x86)\Java\jdk1.7.0_45\jre\bin\sunmscapi.dll
0x74cc0000 - 0x74de2000 	C:\Windows\syswow64\CRYPT32.dll
0x75e40000 - 0x75e4c000 	C:\Windows\syswow64\MSASN1.dll
0x73b70000 - 0x73c5b000 	C:\Windows\system32\dbghelp.dll

VM Arguments:
jvm_args: -agentlib:jdwp=transport=dt_socket,suspend=y,address=localhost:59104 -Dprogram.name=JBossTools: JBoss 7.1 Runtime Server -Xms64m -Xmx512m -XX:MaxPermSize=256m -Dorg.jboss.resolver.warning=true -Djava.net.preferIPv4Stack=true -Dsun.rmi.dgc.client.gcInterval=3600000 -Dsun.rmi.dgc.server.gcInterval=3600000 -Djboss.modules.system.pkgs=org.jboss.byteman -Djava.awt.headless=true -Dorg.jboss.boot.log.file=D:/important doc/my_study/work/jboss-as-7.1.1.Final/standalone/log/boot.log -Dlogging.configuration=file:/D:/important%20doc/my_study/work/jboss-as-7.1.1.Final/standalone/configuration/logging.properties -Djboss.home.dir=D:/important doc/my_study/work/jboss-as-7.1.1.Final -Dfile.encoding=Cp1252 
java_command: org.jboss.modules.Main -mp D:/important doc/my_study/work/jboss-as-7.1.1.Final/modules -jaxpmodule javax.xml.jaxp-provider org.jboss.as.standalone -b localhost --server-config=standalone.xml
Launcher Type: SUN_STANDARD

Environment Variables:
CLASSPATH=D:\Program Files (x86)\IBM\WebSphere MQ\java\lib\com.ibm.mqjms.jar;D:\Program Files (x86)\IBM\WebSphere MQ\java\lib\com.ibm.mq.jar
USERNAME=niveditha.g
OS=Windows_NT
PROCESSOR_IDENTIFIER=Intel64 Family 6 Model 78 Stepping 3, GenuineIntel



---------------  S Y S T E M  ---------------

OS: Windows 7 , 64 bit Build 7601 Service Pack 1

CPU:total 4 (2 cores per cpu, 2 threads per core) family 6 model 78 stepping 3, cmov, cx8, fxsr, mmx, sse, sse2, sse3, ssse3, sse4.1, sse4.2, popcnt, avx, avx2, aes, erms, ht, tsc, tscinvbit

Memory: 4k page, physical 8244076k(1510156k free), swap 16486256k(8668752k free)

vm_info: Java HotSpot(TM) Server VM (24.45-b08) for windows-x86 JRE (1.7.0_45-b18), built on Oct  8 2013 05:56:58 by "java_re" with unknown MS VC++:1600

time: Sun Sep 30 11:51:25 2018
elapsed time: 1374 seconds

