12:46:23,605 INFO  [org.jboss.modules] JBoss Modules version 1.1.1.GA
12:46:29,299 INFO  [org.jboss.msc] JBoss MSC version 1.0.2.GA
12:46:29,542 INFO  [org.jboss.as] JBAS015899: JBoss AS 7.1.1.Final "Brontes" starting
12:46:29,605 DEBUG [org.jboss.as.config] Configured system properties:
	awt.toolkit = sun.awt.windows.WToolkit
	file.encoding = Cp1252
	file.encoding.pkg = sun.io
	file.separator = \
	java.awt.graphicsenv = sun.awt.Win32GraphicsEnvironment
	java.awt.headless = true
	java.awt.printerjob = sun.awt.windows.WPrinterJob
	java.class.path = D:\important doc\my_study\work\jboss-as-7.1.1.Final\jboss-modules.jar
	java.class.version = 51.0
	java.endorsed.dirs = C:\Program Files (x86)\Java\jdk1.7.0_45\jre\lib\endorsed
	java.ext.dirs = C:\Program Files (x86)\Java\jdk1.7.0_45\jre\lib\ext;C:\Windows\Sun\Java\lib\ext
	java.home = C:\Program Files (x86)\Java\jdk1.7.0_45\jre
	java.io.tmpdir = C:\Users\NIVEDI~1.G\AppData\Local\Temp\
	java.library.path = C:\Program Files (x86)\Java\jdk1.7.0_45\bin;C:\Windows\Sun\Java\bin;C:\Windows\system32;C:\Windows;C:\Program Files (x86)\Java\jdk1.7.0_45\jre\bin;native;C:/Program Files (x86)/Java/jre1.8.0_45/bin/client;C:/Program Files (x86)/Java/jre1.8.0_45/bin;C:/Program Files (x86)/Java/jre1.8.0_45/lib/i386;C:\Program Files (x86)\Common Files\Oracle\Java\javapath;D:\Program Files (x86)\IBM\WebSphere MQ\java\lib;D:\Program Files (x86)\IBM\WebSphere MQ\java\lib64;C:\Program Files (x86)\CA\SC\CAWIN\;D:\app\qcbs_oracle\product\11.2.0\dbhome_2\bin;D:\app\qcbs_oracle\product\11.2.0\client_1\bin;C:\Program Files (x86)\Java\jre6\bin;C:\Program Files (x86)\Java\jdk1.6.0_14\bin;C:\ProgramData\Oracle\Java\javapath;D:\Oracle\product\10.1.0\Client_1\bin;D:\Oracle\product\10.1.0\Client_1\jre\1.4.2\bin\client;D:\Oracle\product\10.1.0\Client_1\jre\1.4.2\bin;C:\Windows\system32;C:\Windows;C:\Windows\System32\Wbem;C:\Windows\System32\WindowsPowerShell\v1.0\;C:\Program Files\Intel\WiFi\bin\;C:\Program Files\Common Files\Intel\WirelessCommon\;;C:\PROGRA~2\CA\SC\CAM\bin;C:\Program Files (x86)\CA\SC\Csam\SockAdapter\bin;C:\Program Files (x86)\CA\SC\CBB\;C:\Program Files (x86)\CA\DSM\bin;C:\Program Files\TortoiseSVN\bin;D:\Program Files (x86)\IBM\WebSphere MQ\bin64;D:\Program Files (x86)\IBM\WebSphere MQ\bin;D:\Program Files (x86)\IBM\WebSphere MQ\tools\c\samples\bin;C:\Program Files (x86)\Java\jdk1.8.0_45\bin;C:\Program Files\TortoiseGit\bin;C:\Program Files\nodejs\;C:\Program Files (x86)\apache-maven-3.5.4\bin;C:\Program Files (x86)\Common Files\Oracle\Java\javapath;D:\Program Files (x86)\IBM\WebSphere MQ\java\lib;D:\Program Files (x86)\IBM\WebSphere MQ\java\lib64;C:\Program Files (x86)\CA\SC\CAWIN\;D:\app\qcbs_oracle\product\11.2.0\dbhome_2\bin;D:\app\qcbs_oracle\product\11.2.0\client_1\bin;C:\Program Files (x86)\Java\jre6\bin;C:\Program Files (x86)\Java\jdk1.6.0_14\bin;C:\ProgramData\Oracle\Java\javapath;D:\Oracle\product\10.1.0\Client_1\bin;D:\Oracle\product\10.1.0\Client_1\jre\1.4.2\bin\client;D:\Oracle\product\10.1.0\Client_1\jre\1.4.2\bin;C:\Windows\system32;C:\Windows;C:\Windows\System32\Wbem;C:\Windows\System32\WindowsPowerShell\v1.0\;C:\Program Files\Intel\WiFi\bin\;C:\Program Files\Common Files\Intel\WirelessCommon\;C:\PROGRA~2\CA\SC\CAM\bin;C:\Program Files (x86)\CA\SC\Csam\SockAdapter\bin;C:\Program Files (x86)\CA\SC\CBB\;C:\Program Files (x86)\CA\DSM\bin;C:\Program Files\TortoiseSVN\bin;D:\Program Files (x86)\IBM\WebSphere MQ\bin64;D:\Program Files (x86)\IBM\WebSphere MQ\bin;D:\Program Files (x86)\IBM\WebSphere MQ\tools\c\samples\bin;C:\Program Files (x86)\Java\jdk1.8.0_45\bin;C:\Users\niveditha.g\AppData\Local\Programs\Git\cmd;D:\Eclipse-jee-kepler-SR1 4.3.1;;.
	java.net.preferIPv4Stack = true
	java.runtime.name = Java(TM) SE Runtime Environment
	java.runtime.version = 1.7.0_45-b18
	java.specification.name = Java Platform API Specification
	java.specification.vendor = Oracle Corporation
	java.specification.version = 1.7
	java.util.logging.manager = org.jboss.logmanager.LogManager
	java.vendor = Oracle Corporation
	java.vendor.url = http://java.oracle.com/
	java.vendor.url.bug = http://bugreport.sun.com/bugreport/
	java.version = 1.7.0_45
	java.vm.info = mixed mode
	java.vm.name = Java HotSpot(TM) Server VM
	java.vm.specification.name = Java Virtual Machine Specification
	java.vm.specification.vendor = Oracle Corporation
	java.vm.specification.version = 1.7
	java.vm.vendor = Oracle Corporation
	java.vm.version = 24.45-b08
	javax.management.builder.initial = org.jboss.as.jmx.PluggableMBeanServerBuilder
	javax.xml.datatype.DatatypeFactory = __redirected.__DatatypeFactory
	javax.xml.parsers.DocumentBuilderFactory = __redirected.__DocumentBuilderFactory
	javax.xml.parsers.SAXParserFactory = __redirected.__SAXParserFactory
	javax.xml.stream.XMLEventFactory = __redirected.__XMLEventFactory
	javax.xml.stream.XMLInputFactory = __redirected.__XMLInputFactory
	javax.xml.stream.XMLOutputFactory = __redirected.__XMLOutputFactory
	javax.xml.transform.TransformerFactory = __redirected.__TransformerFactory
	javax.xml.validation.SchemaFactory:http://www.w3.org/2001/XMLSchema = __redirected.__SchemaFactory
	javax.xml.xpath.XPathFactory:http://java.sun.com/jaxp/xpath/dom = __redirected.__XPathFactory
	jboss.bind.address = localhost
	jboss.home.dir = D:\important doc\my_study\work\jboss-as-7.1.1.Final
	jboss.host.name = n9731
	jboss.modules.dir = D:\important doc\my_study\work\jboss-as-7.1.1.Final\modules
	jboss.modules.system.pkgs = org.jboss.byteman
	jboss.node.name = n9731
	jboss.qualified.host.name = n9731
	jboss.server.base.dir = D:\important doc\my_study\work\jboss-as-7.1.1.Final\standalone
	jboss.server.config.dir = D:\important doc\my_study\work\jboss-as-7.1.1.Final\standalone\configuration
	jboss.server.data.dir = D:\important doc\my_study\work\jboss-as-7.1.1.Final\standalone\data
	jboss.server.deploy.dir = D:\important doc\my_study\work\jboss-as-7.1.1.Final\standalone\data\content
	jboss.server.log.dir = D:\important doc\my_study\work\jboss-as-7.1.1.Final\standalone\log
	jboss.server.name = n9731
	jboss.server.temp.dir = D:\important doc\my_study\work\jboss-as-7.1.1.Final\standalone\tmp
	line.separator = 

	logging.configuration = file:/D:/important%20doc/my_study/work/jboss-as-7.1.1.Final/standalone/configuration/logging.properties
	module.path = D:/important doc/my_study/work/jboss-as-7.1.1.Final/modules
	org.jboss.boot.log.file = D:/important doc/my_study/work/jboss-as-7.1.1.Final/standalone/log/boot.log
	org.jboss.resolver.warning = true
	org.xml.sax.driver = __redirected.__XMLReaderFactory
	os.arch = x86
	os.name = Windows 7
	os.version = 6.1
	path.separator = ;
	program.name = JBossTools: JBoss 7.1 Runtime Server
	sun.arch.data.model = 32
	sun.boot.class.path = C:\Program Files (x86)\Java\jdk1.7.0_45\jre\lib\resources.jar;C:\Program Files (x86)\Java\jdk1.7.0_45\jre\lib\rt.jar;C:\Program Files (x86)\Java\jdk1.7.0_45\jre\lib\sunrsasign.jar;C:\Program Files (x86)\Java\jdk1.7.0_45\jre\lib\jsse.jar;C:\Program Files (x86)\Java\jdk1.7.0_45\jre\lib\jce.jar;C:\Program Files (x86)\Java\jdk1.7.0_45\jre\lib\charsets.jar;C:\Program Files (x86)\Java\jdk1.7.0_45\jre\lib\jfr.jar;C:\Program Files (x86)\Java\jdk1.7.0_45\jre\classes
	sun.boot.library.path = C:\Program Files (x86)\Java\jdk1.7.0_45\jre\bin
	sun.cpu.endian = little
	sun.cpu.isalist = pentium_pro+mmx pentium_pro pentium+mmx pentium i486 i386 i86
	sun.desktop = windows
	sun.io.unicode.encoding = UnicodeLittle
	sun.java.command = org.jboss.modules.Main -mp D:/important doc/my_study/work/jboss-as-7.1.1.Final/modules -jaxpmodule javax.xml.jaxp-provider org.jboss.as.standalone -b localhost --server-config=standalone.xml
	sun.java.launcher = SUN_STANDARD
	sun.jnu.encoding = Cp1252
	sun.management.compiler = HotSpot Tiered Compilers
	sun.os.patch.level = Service Pack 1
	sun.rmi.dgc.client.gcInterval = 3600000
	sun.rmi.dgc.server.gcInterval = 3600000
	user.country = US
	user.dir = D:\important doc\my_study\work\jboss-as-7.1.1.Final\bin
	user.home = C:\Users\niveditha.g
	user.language = en
	user.name = niveditha.g
	user.script = 
	user.timezone = Asia/Calcutta
	user.variant = 
12:46:29,668 DEBUG [org.jboss.as.config] VM Arguments: -agentlib:jdwp=transport=dt_socket,suspend=y,address=localhost:57074 -Dprogram.name=JBossTools: JBoss 7.1 Runtime Server -Xms64m -Xmx512m -XX:MaxPermSize=256m -Dorg.jboss.resolver.warning=true -Djava.net.preferIPv4Stack=true -Dsun.rmi.dgc.client.gcInterval=3600000 -Dsun.rmi.dgc.server.gcInterval=3600000 -Djboss.modules.system.pkgs=org.jboss.byteman -Djava.awt.headless=true -Dorg.jboss.boot.log.file=D:/important doc/my_study/work/jboss-as-7.1.1.Final/standalone/log/boot.log -Dlogging.configuration=file:/D:/important%20doc/my_study/work/jboss-as-7.1.1.Final/standalone/configuration/logging.properties -Djboss.home.dir=D:/important doc/my_study/work/jboss-as-7.1.1.Final -Dfile.encoding=Cp1252 
12:46:40,321 INFO  [org.jboss.as.server] JBAS015888: Creating http management service using socket-binding (management-http)
12:46:40,489 INFO  [org.xnio] XNIO Version 3.0.3.GA
12:46:40,636 INFO  [org.xnio.nio] XNIO NIO Implementation Version 3.0.3.GA
12:46:40,800 INFO  [org.jboss.as.configadmin] JBAS016200: Activating ConfigAdmin Subsystem
12:46:40,816 INFO  [org.jboss.as.naming] JBAS011800: Activating Naming Subsystem
12:46:40,835 INFO  [org.jboss.remoting] JBoss Remoting version 3.2.3.GA
12:46:40,826 INFO  [org.jboss.as.clustering.infinispan] JBAS010280: Activating Infinispan subsystem.
12:46:40,823 INFO  [org.jboss.as.osgi] JBAS011940: Activating OSGi Subsystem
12:46:40,820 INFO  [org.jboss.as.security] JBAS013101: Activating Security Subsystem
12:46:40,859 INFO  [org.jboss.as.webservices] JBAS015537: Activating WebServices Extension
12:46:40,866 INFO  [org.jboss.as.logging] JBAS011502: Removing bootstrap log handlers
