#
# A fatal error has been detected by the Java Runtime Environment:
#
#  EXCEPTION_ACCESS_VIOLATION (0xc0000005) at pc=0x53b25c40, pid=6036, tid=988
#
# JRE version: Java(TM) SE Runtime Environment (7.0_45-b18) (build 1.7.0_45-b18)
# Java VM: Java HotSpot(TM) Client VM (24.45-b08 mixed mode windows-x86 )
# Problematic frame:
# V  [jvm.dll+0x35c40]
#
# Failed to write core dump. Minidumps are not enabled by default on client versions of Windows
#
# If you would like to submit a bug report, please visit:
#   http://bugreport.sun.com/bugreport/crash.jsp
#

---------------  T H R E A D  ---------------

Current thread (0x1839c800):  JavaThread "JDWP Transport Listener: dt_socket" daemon [_thread_in_vm, id=988, stack(0x18580000,0x185d0000)]

siginfo: ExceptionCode=0xc0000005, reading address 0x00000008

Registers:
EAX=0x043137a0, EBX=0x1839c800, ECX=0x00000000, EDX=0x00000000
ESP=0x185cf5e4, EBP=0x185cf5e8, ESI=0x00000000, EDI=0x548fe15c
EIP=0x53b25c40, EFLAGS=0x00010246

Top of Stack: (sp=0x185cf5e4)
0x185cf5e4:   1839c930 185cf610 53bb1206 043137a0
0x185cf5f4:   548fe15c 1839c930 548fe174 1839c800
0x185cf604:   00000000 1839c930 185cf6d4 548fe99c
0x185cf614:   548e63b2 1839c930 043137a0 00000000
0x185cf624:   185cf648 185cf6d4 1849fdd0 185cf684
0x185cf634:   1838adf8 185cf654 548ebd27 185cf654
0x185cf644:   185cf688 548fe890 548a5004 54902c68
0x185cf654:   1840d848 0000000b 00000000 00000013 

Instructions: (pc=0x53b25c40)
0x53b25c20:   8b 0d 18 1a e2 53 85 c9 7e 05 8b 0c 01 eb 02 33
0x53b25c30:   c9 8b 15 1c 1a e2 53 85 d2 7e 05 8b 04 02 eb 03
0x53b25c40:   8b 46 08 85 c0 75 0f 33 c9 50 51 e8 90 67 15 00
0x53b25c50:   83 c4 08 5e 5d c3 8d 4c 4e 0c 50 51 e8 7f 67 15 


Register to memory mapping:

EAX=0x043137a0 is an oop
java.lang.String 
 - klass: 'java/lang/String'
EBX=0x1839c800 is a thread
ECX=0x00000000 is an unknown value
EDX=0x00000000 is an unknown value
ESP=0x185cf5e4 is pointing into the stack for thread: 0x1839c800
EBP=0x185cf5e8 is pointing into the stack for thread: 0x1839c800
ESI=0x00000000 is an unknown value
EDI=0x548fe15c is an unknown value


Stack: [0x18580000,0x185d0000],  sp=0x185cf5e4,  free space=317k
Native frames: (J=compiled Java code, j=interpreted, Vv=VM code, C=native code)
V  [jvm.dll+0x35c40]
V  [jvm.dll+0xc1206]


---------------  P R O C E S S  ---------------

Java Threads: ( => current thread )
  0x183b7400 JavaThread "Service Thread" daemon [_thread_blocked, id=9568, stack(0x193e0000,0x19430000)]
  0x183b4c00 JavaThread "C1 CompilerThread0" daemon [_thread_blocked, id=12620, stack(0x19210000,0x19260000)]
  0x183a1800 JavaThread "JDWP Command Reader" daemon [_thread_in_native, id=12072, stack(0x19340000,0x19390000)]
  0x183a0400 JavaThread "JDWP Event Helper Thread" daemon [_thread_blocked, id=7420, stack(0x19130000,0x19180000)]
=>0x1839c800 JavaThread "JDWP Transport Listener: dt_socket" daemon [_thread_in_vm, id=988, stack(0x18580000,0x185d0000)]
  0x1838f400 JavaThread "Attach Listener" daemon [_thread_blocked, id=10456, stack(0x18a20000,0x18a70000)]
  0x1838c000 JavaThread "Signal Dispatcher" daemon [_thread_blocked, id=9128, stack(0x18970000,0x189c0000)]
  0x1835d400 JavaThread "Finalizer" daemon [_thread_blocked, id=1344, stack(0x18890000,0x188e0000)]
  0x18357000 JavaThread "Reference Handler" daemon [_thread_blocked, id=4936, stack(0x18690000,0x186e0000)]
  0x0223f800 JavaThread "main" [_thread_blocked, id=13268, stack(0x02240000,0x02290000)]

Other Threads:
  0x18354c00 VMThread [stack: 0x186e0000,0x18730000] [id=12804]
  0x183d9400 WatcherThread [stack: 0x18dd0000,0x18e20000] [id=8652]

VM state:not at safepoint (normal execution)

VM Mutex/Monitor currently owned by a thread: None

Heap
 def new generation   total 4928K, used 2277K [0x04290000, 0x047e0000, 0x097e0000)
  eden space 4416K,  51% used [0x04290000, 0x044c9740, 0x046e0000)
  from space 512K,   0% used [0x046e0000, 0x046e0000, 0x04760000)
  to   space 512K,   0% used [0x04760000, 0x04760000, 0x047e0000)
 tenured generation   total 10944K, used 0K [0x097e0000, 0x0a290000, 0x14290000)
   the space 10944K,   0% used [0x097e0000, 0x097e0000, 0x097e0200, 0x0a290000)
 compacting perm gen  total 12288K, used 2696K [0x14290000, 0x14e90000, 0x18290000)
   the space 12288K,  21% used [0x14290000, 0x14532090, 0x14532200, 0x14e90000)
No shared spaces configured.

Card table byte_map: [0x18290000,0x18340000] byte_map_base: 0x1826eb80

Polling page: 0x00220000

Code Cache  [0x02290000, 0x02348000, 0x04290000)
 total_blobs=194 nmethods=70 adapters=70 free_code_cache=32063Kb largest_free_block=32833280

Compilation events (10 events):
Event: 3.205 Thread 0x183b4c00   65             java.lang.AbstractStringBuilder::append (48 bytes)
Event: 3.205 Thread 0x183b4c00 nmethod 65 0x0233e448 code [0x0233e560, 0x0233e688]
Event: 3.208 Thread 0x183b4c00   66             java.math.BigInteger::montReduce (99 bytes)
Event: 3.208 Thread 0x183b4c00 nmethod 66 0x0233e7c8 code [0x0233e900, 0x0233eaec]
Event: 3.208 Thread 0x183b4c00   67             java.math.BigInteger::multiplyToLen (219 bytes)
Event: 3.209 Thread 0x183b4c00 nmethod 67 0x0233ed48 code [0x0233ee70, 0x0233f350]
Event: 3.216 Thread 0x183b4c00   68             java.lang.StringBuilder::append (8 bytes)
Event: 3.216 Thread 0x183b4c00 nmethod 68 0x0233fa88 code [0x0233fb80, 0x0233fc1c]
Event: 3.218 Thread 0x183b4c00   70             java.lang.String::startsWith (7 bytes)
Event: 3.218 Thread 0x183b4c00 nmethod 70 0x0233ff08 code [0x02340000, 0x023400ac]

GC Heap History (0 events):
No events

Deoptimization events (0 events):
No events

Internal exceptions (2 events):
Event: 0.039 Thread 0x0223f800 Threw 0x0429ed68 at C:\re\jdk7u45\229\hotspot\src\share\vm\prims\jni.cpp:3991
Event: 0.385 Thread 0x0223f800 Threw 0x0430cd50 at C:\re\jdk7u45\229\hotspot\src\share\vm\prims\jvm.cpp:1244

Events (10 events):
Event: 4.826 loading class 0x020fd878
Event: 4.826 loading class 0x020fdaa8
Event: 4.827 loading class 0x020fdaa8 done
Event: 4.827 loading class 0x020fd878 done
Event: 4.830 loading class 0x020fd8b0
Event: 4.838 loading class 0x020fd8b0 done
Event: 4.838 loading class 0x1848f458
Event: 4.839 loading class 0x1848f458 done
Event: 5.040 Executing VM operation: GetOrSetLocal
Event: 5.040 Executing VM operation: GetOrSetLocal done


Dynamic libraries:
0x00370000 - 0x0039f000 	C:\Program Files (x86)\Java\jdk1.7.0_45\bin\javaw.exe
0x77d20000 - 0x77ea0000 	C:\Windows\SysWOW64\ntdll.dll
0x755c0000 - 0x756d0000 	C:\Windows\syswow64\kernel32.dll
0x76aa0000 - 0x76ae7000 	C:\Windows\syswow64\KERNELBASE.dll
0x752b0000 - 0x7532a000 	C:\Windows\SysWOW64\SYSFER.DLL
0x75a80000 - 0x75b21000 	C:\Windows\syswow64\ADVAPI32.dll
0x76300000 - 0x763ac000 	C:\Windows\syswow64\msvcrt.dll
0x778d0000 - 0x778e9000 	C:\Windows\SysWOW64\sechost.dll
0x75e60000 - 0x75f50000 	C:\Windows\syswow64\RPCRT4.dll
0x75490000 - 0x754f0000 	C:\Windows\syswow64\SspiCli.dll
0x75480000 - 0x7548c000 	C:\Windows\syswow64\CRYPTBASE.dll
0x76900000 - 0x76a00000 	C:\Windows\syswow64\USER32.dll
0x76a10000 - 0x76aa0000 	C:\Windows\syswow64\GDI32.dll
0x76a00000 - 0x76a0a000 	C:\Windows\syswow64\LPK.dll
0x75b30000 - 0x75bcd000 	C:\Windows\syswow64\USP10.dll
0x71f20000 - 0x720be000 	C:\Windows\WinSxS\x86_microsoft.windows.common-controls_6595b64144ccf1df_6.0.7601.18837_none_41e855142bd5705d\COMCTL32.dll
0x75540000 - 0x75597000 	C:\Windows\syswow64\SHLWAPI.dll
0x75d90000 - 0x75df0000 	C:\Windows\system32\IMM32.DLL
0x759b0000 - 0x75a7d000 	C:\Windows\syswow64\MSCTF.dll
0x543a0000 - 0x5445f000 	C:\Program Files (x86)\Java\jdk1.7.0_45\jre\bin\msvcr100.dll
0x53af0000 - 0x53e70000 	C:\Program Files (x86)\Java\jdk1.7.0_45\jre\bin\client\jvm.dll
0x751b0000 - 0x751b7000 	C:\Windows\system32\WSOCK32.dll
0x75c30000 - 0x75c65000 	C:\Windows\syswow64\WS2_32.dll
0x75c70000 - 0x75c76000 	C:\Windows\syswow64\NSI.dll
0x74580000 - 0x745b2000 	C:\Windows\system32\WINMM.dll
0x75df0000 - 0x75df5000 	C:\Windows\syswow64\PSAPI.DLL
0x66680000 - 0x6668c000 	C:\Program Files (x86)\Java\jdk1.7.0_45\jre\bin\verify.dll
0x54950000 - 0x54970000 	C:\Program Files (x86)\Java\jdk1.7.0_45\jre\bin\java.dll
0x548e0000 - 0x5490a000 	C:\Program Files (x86)\Java\jdk1.7.0_45\jre\bin\jdwp.dll
0x548d0000 - 0x548d7000 	C:\Program Files (x86)\Java\jdk1.7.0_45\jre\bin\npt.dll
0x548b0000 - 0x548c3000 	C:\Program Files (x86)\Java\jdk1.7.0_45\jre\bin\zip.dll
0x548a0000 - 0x548a8000 	C:\Program Files (x86)\Java\jdk1.7.0_45\jre\bin\dt_socket.dll
0x74fe0000 - 0x74ff0000 	C:\Windows\system32\NLAapi.dll
0x74fd0000 - 0x74fe0000 	C:\Windows\system32\napinsp.dll
0x74fb0000 - 0x74fc2000 	C:\Windows\system32\pnrpnsp.dll
0x751c0000 - 0x751fc000 	C:\Windows\System32\mswsock.dll
0x75070000 - 0x750b4000 	C:\Windows\system32\DNSAPI.dll
0x74fa0000 - 0x74fa8000 	C:\Windows\System32\winrnr.dll
0x74f90000 - 0x74f9d000 	C:\Windows\system32\wshbth.dll
0x75050000 - 0x7506c000 	C:\Windows\system32\IPHLPAPI.DLL
0x75040000 - 0x75047000 	C:\Windows\system32\WINNSI.DLL
0x74ff0000 - 0x75028000 	C:\Windows\System32\fwpuclnt.dll
0x75030000 - 0x75036000 	C:\Windows\system32\rasadhlp.dll
0x75170000 - 0x75175000 	C:\Windows\System32\wshtcpip.dll
0x54370000 - 0x54390000 	C:\Program Files (x86)\Java\jdk1.7.0_45\jre\bin\sunec.dll
0x54360000 - 0x54369000 	C:\Program Files (x86)\Java\jdk1.7.0_45\jre\bin\sunmscapi.dll
0x756d0000 - 0x757f2000 	C:\Windows\syswow64\CRYPT32.dll
0x75f50000 - 0x75f5c000 	C:\Windows\syswow64\MSASN1.dll
0x740e0000 - 0x741cb000 	C:\Windows\system32\dbghelp.dll

VM Arguments:
jvm_args: -agentlib:jdwp=transport=dt_socket,suspend=y,address=localhost:52431 -Dfile.encoding=Cp1252 
java_command: com.bo.jobs.Test
Launcher Type: SUN_STANDARD

Environment Variables:
CLASSPATH=D:\Program Files (x86)\IBM\WebSphere MQ\java\lib\com.ibm.mqjms.jar;D:\Program Files (x86)\IBM\WebSphere MQ\java\lib\com.ibm.mq.jar
USERNAME=niveditha.g
OS=Windows_NT
PROCESSOR_IDENTIFIER=Intel64 Family 6 Model 78 Stepping 3, GenuineIntel



---------------  S Y S T E M  ---------------

OS: Windows 7 , 64 bit Build 7601 Service Pack 1

CPU:total 4 (2 cores per cpu, 2 threads per core) family 6 model 78 stepping 3, cmov, cx8, fxsr, mmx, sse, sse2, sse3, ssse3, sse4.1, sse4.2, popcnt, avx, avx2, aes, erms, ht, tsc, tscinvbit

Memory: 4k page, physical 8244076k(1149780k free), swap 16486256k(7954104k free)

vm_info: Java HotSpot(TM) Client VM (24.45-b08) for windows-x86 JRE (1.7.0_45-b18), built on Oct  8 2013 06:02:43 by "java_re" with unknown MS VC++:1600

time: Wed Oct 03 14:45:57 2018
elapsed time: 5 seconds

