#
# A fatal error has been detected by the Java Runtime Environment:
#
#  EXCEPTION_ACCESS_VIOLATION (0xc0000005) at pc=0x54005c40, pid=12092, tid=11748
#
# JRE version: Java(TM) SE Runtime Environment (7.0_45-b18) (build 1.7.0_45-b18)
# Java VM: Java HotSpot(TM) Client VM (24.45-b08 mixed mode windows-x86 )
# Problematic frame:
# V  [jvm.dll+0x35c40]
#
# Failed to write core dump. Minidumps are not enabled by default on client versions of Windows
#
# If you would like to submit a bug report, please visit:
#   http://bugreport.sun.com/bugreport/crash.jsp
#

---------------  T H R E A D  ---------------

Current thread (0x18404800):  JavaThread "JDWP Transport Listener: dt_socket" daemon [_thread_in_vm, id=11748, stack(0x18ef0000,0x18f40000)]

siginfo: ExceptionCode=0xc0000005, reading address 0x00000008

Registers:
EAX=0x047c3540, EBX=0x18404800, ECX=0x00000000, EDX=0x00000000
ESP=0x18f3f7a4, EBP=0x18f3f7a8, ESI=0x00000000, EDI=0x548fe15c
EIP=0x54005c40, EFLAGS=0x00010246

Top of Stack: (sp=0x18f3f7a4)
0x18f3f7a4:   18404930 18f3f7d0 54091206 047c3540
0x18f3f7b4:   548fe15c 18404930 548fe174 18404800
0x18f3f7c4:   00000000 18404930 18f3f894 548fe99c
0x18f3f7d4:   548e63b2 18404930 047c3540 00000000
0x18f3f7e4:   18f3f808 18f3f894 18520480 18f3f844
0x18f3f7f4:   183eb598 18f3f814 548ebd27 18f3f814
0x18f3f804:   18f3f848 548fe890 548a5004 54902c68
0x18f3f814:   18477f58 0000000b 18f30000 00000013 

Instructions: (pc=0x54005c40)
0x54005c20:   8b 0d 18 1a 30 54 85 c9 7e 05 8b 0c 01 eb 02 33
0x54005c30:   c9 8b 15 1c 1a 30 54 85 d2 7e 05 8b 04 02 eb 03
0x54005c40:   8b 46 08 85 c0 75 0f 33 c9 50 51 e8 90 67 15 00
0x54005c50:   83 c4 08 5e 5d c3 8d 4c 4e 0c 50 51 e8 7f 67 15 


Register to memory mapping:

EAX=0x047c3540 is an oop
java.lang.String 
 - klass: 'java/lang/String'
EBX=0x18404800 is a thread
ECX=0x00000000 is an unknown value
EDX=0x00000000 is an unknown value
ESP=0x18f3f7a4 is pointing into the stack for thread: 0x18404800
EBP=0x18f3f7a8 is pointing into the stack for thread: 0x18404800
ESI=0x00000000 is an unknown value
EDI=0x548fe15c is an unknown value


Stack: [0x18ef0000,0x18f40000],  sp=0x18f3f7a4,  free space=317k
Native frames: (J=compiled Java code, j=interpreted, Vv=VM code, C=native code)
V  [jvm.dll+0x35c40]
V  [jvm.dll+0xc1206]


---------------  P R O C E S S  ---------------

Java Threads: ( => current thread )
  0x18425800 JavaThread "Service Thread" daemon [_thread_blocked, id=12356, stack(0x18dd0000,0x18e20000)]
  0x18423000 JavaThread "C1 CompilerThread0" daemon [_thread_blocked, id=13004, stack(0x19380000,0x193d0000)]
  0x18410000 JavaThread "JDWP Command Reader" daemon [_thread_in_native, id=11496, stack(0x19160000,0x191b0000)]
  0x1840ec00 JavaThread "JDWP Event Helper Thread" daemon [_thread_blocked, id=5516, stack(0x18e30000,0x18e80000)]
=>0x18404800 JavaThread "JDWP Transport Listener: dt_socket" daemon [_thread_in_vm, id=11748, stack(0x18ef0000,0x18f40000)]
  0x183ef400 JavaThread "Attach Listener" daemon [_thread_blocked, id=7832, stack(0x18a60000,0x18ab0000)]
  0x183ec000 JavaThread "Signal Dispatcher" daemon [_thread_blocked, id=1108, stack(0x00410000,0x00460000)]
  0x183bd400 JavaThread "Finalizer" daemon [_thread_blocked, id=12148, stack(0x18800000,0x18850000)]
  0x183b7000 JavaThread "Reference Handler" daemon [_thread_blocked, id=12884, stack(0x18640000,0x18690000)]
  0x001df800 JavaThread "main" [_thread_blocked, id=10548, stack(0x00570000,0x005c0000)]

Other Threads:
  0x183b4c00 VMThread [stack: 0x18690000,0x186e0000] [id=12608]
  0x1842ec00 WatcherThread [stack: 0x193d0000,0x19420000] [id=7984]

VM state:not at safepoint (normal execution)

VM Mutex/Monitor currently owned by a thread: None

Heap
 def new generation   total 4928K, used 1615K [0x042f0000, 0x04840000, 0x09840000)
  eden space 4416K,  24% used [0x042f0000, 0x04403ce0, 0x04740000)
  from space 512K, 100% used [0x047c0000, 0x04840000, 0x04840000)
  to   space 512K,   0% used [0x04740000, 0x04740000, 0x047c0000)
 tenured generation   total 10944K, used 708K [0x09840000, 0x0a2f0000, 0x142f0000)
   the space 10944K,   6% used [0x09840000, 0x098f10f8, 0x098f1200, 0x0a2f0000)
 compacting perm gen  total 12288K, used 3046K [0x142f0000, 0x14ef0000, 0x182f0000)
   the space 12288K,  24% used [0x142f0000, 0x145e9a88, 0x145e9c00, 0x14ef0000)
No shared spaces configured.

Card table byte_map: [0x182f0000,0x183a0000] byte_map_base: 0x182ce880

Polling page: 0x001b0000

Code Cache  [0x022f0000, 0x023c0000, 0x042f0000)
 total_blobs=257 nmethods=133 adapters=70 free_code_cache=31945Kb largest_free_block=32711744

Compilation events (10 events):
Event: 2.724 Thread 0x18423000  129             java.lang.String::regionMatches (149 bytes)
Event: 2.725 Thread 0x18423000 nmethod 129 0x023bc488 code [0x023bc610, 0x023bc930]
Event: 2.727 Thread 0x18423000  130             java.nio.charset.CharsetDecoder::maxCharsPerByte (5 bytes)
Event: 2.727 Thread 0x18423000 nmethod 130 0x023bcf88 code [0x023bd080, 0x023bd100]
Event: 2.737 Thread 0x18423000  131             java.util.LinkedHashMap::access$100 (5 bytes)
Event: 2.737 Thread 0x18423000 nmethod 131 0x023bd148 code [0x023bd240, 0x023bd2b0]
Event: 2.746 Thread 0x18423000  132             java.util.jar.Manifest$FastInputStream::readLine (9 bytes)
Event: 2.746 Thread 0x18423000 nmethod 132 0x023bd308 code [0x023bd410, 0x023bd4bc]
Event: 2.761 Thread 0x18423000  133             java.lang.String::substring (79 bytes)
Event: 2.762 Thread 0x18423000 nmethod 133 0x023bd548 code [0x023bd6a0, 0x023bd960]

GC Heap History (2 events):
Event: 2.630 GC heap before
{Heap before GC invocations=0 (full 0):
 def new generation   total 4928K, used 4415K [0x042f0000, 0x04840000, 0x09840000)
  eden space 4416K,  99% used [0x042f0000, 0x0473fcf0, 0x04740000)
  from space 512K,   0% used [0x04740000, 0x04740000, 0x047c0000)
  to   space 512K,   0% used [0x047c0000, 0x047c0000, 0x04840000)
 tenured generation   total 10944K, used 0K [0x09840000, 0x0a2f0000, 0x142f0000)
   the space 10944K,   0% used [0x09840000, 0x09840000, 0x09840200, 0x0a2f0000)
 compacting perm gen  total 12288K, used 2951K [0x142f0000, 0x14ef0000, 0x182f0000)
   the space 12288K,  24% used [0x142f0000, 0x145d1d98, 0x145d1e00, 0x14ef0000)
No shared spaces configured.
Event: 2.634 GC heap after
Heap after GC invocations=1 (full 0):
 def new generation   total 4928K, used 512K [0x042f0000, 0x04840000, 0x09840000)
  eden space 4416K,   0% used [0x042f0000, 0x042f0000, 0x04740000)
  from space 512K, 100% used [0x047c0000, 0x04840000, 0x04840000)
  to   space 512K,   0% used [0x04740000, 0x04740000, 0x047c0000)
 tenured generation   total 10944K, used 708K [0x09840000, 0x0a2f0000, 0x142f0000)
   the space 10944K,   6% used [0x09840000, 0x098f10f8, 0x098f1200, 0x0a2f0000)
 compacting perm gen  total 12288K, used 2951K [0x142f0000, 0x14ef0000, 0x182f0000)
   the space 12288K,  24% used [0x142f0000, 0x145d1d98, 0x145d1e00, 0x14ef0000)
No shared spaces configured.
}

Deoptimization events (0 events):
No events

Internal exceptions (4 events):
Event: 0.059 Thread 0x001df800 Threw 0x042fed68 at C:\re\jdk7u45\229\hotspot\src\share\vm\prims\jni.cpp:3991
Event: 0.365 Thread 0x001df800 Threw 0x0436cd50 at C:\re\jdk7u45\229\hotspot\src\share\vm\prims\jvm.cpp:1244
Event: 2.272 Thread 0x001df800 Threw 0x044edf18 at C:\re\jdk7u45\229\hotspot\src\share\vm\prims\jvm.cpp:1244
Event: 2.272 Thread 0x001df800 Threw 0x044ee030 at C:\re\jdk7u45\229\hotspot\src\share\vm\prims\jvm.cpp:1244

Events (10 events):
Event: 2.770 Executing VM operation: GetCurrentLocation
Event: 2.771 Executing VM operation: GetCurrentLocation done
Event: 2.771 Executing VM operation: ChangeSingleStep
Event: 2.771 Executing VM operation: ChangeSingleStep done
Event: 2.771 Executing VM operation: ChangeSingleStep
Event: 2.771 Executing VM operation: ChangeSingleStep done
Event: 2.788 Executing VM operation: GetOrSetLocal
Event: 2.788 Executing VM operation: GetOrSetLocal done
Event: 3.485 Executing VM operation: GetOrSetLocal
Event: 3.485 Executing VM operation: GetOrSetLocal done


Dynamic libraries:
0x00370000 - 0x0039f000 	C:\Program Files (x86)\Java\jdk1.7.0_45\bin\javaw.exe
0x77d20000 - 0x77ea0000 	C:\Windows\SysWOW64\ntdll.dll
0x755c0000 - 0x756d0000 	C:\Windows\syswow64\kernel32.dll
0x76aa0000 - 0x76ae7000 	C:\Windows\syswow64\KERNELBASE.dll
0x752b0000 - 0x7532a000 	C:\Windows\SysWOW64\SYSFER.DLL
0x75a80000 - 0x75b21000 	C:\Windows\syswow64\ADVAPI32.dll
0x76300000 - 0x763ac000 	C:\Windows\syswow64\msvcrt.dll
0x778d0000 - 0x778e9000 	C:\Windows\SysWOW64\sechost.dll
0x75e60000 - 0x75f50000 	C:\Windows\syswow64\RPCRT4.dll
0x75490000 - 0x754f0000 	C:\Windows\syswow64\SspiCli.dll
0x75480000 - 0x7548c000 	C:\Windows\syswow64\CRYPTBASE.dll
0x76900000 - 0x76a00000 	C:\Windows\syswow64\USER32.dll
0x76a10000 - 0x76aa0000 	C:\Windows\syswow64\GDI32.dll
0x76a00000 - 0x76a0a000 	C:\Windows\syswow64\LPK.dll
0x75b30000 - 0x75bcd000 	C:\Windows\syswow64\USP10.dll
0x71f20000 - 0x720be000 	C:\Windows\WinSxS\x86_microsoft.windows.common-controls_6595b64144ccf1df_6.0.7601.18837_none_41e855142bd5705d\COMCTL32.dll
0x75540000 - 0x75597000 	C:\Windows\syswow64\SHLWAPI.dll
0x75d90000 - 0x75df0000 	C:\Windows\system32\IMM32.DLL
0x759b0000 - 0x75a7d000 	C:\Windows\syswow64\MSCTF.dll
0x543a0000 - 0x5445f000 	C:\Program Files (x86)\Java\jdk1.7.0_45\jre\bin\msvcr100.dll
0x53fd0000 - 0x54350000 	C:\Program Files (x86)\Java\jdk1.7.0_45\jre\bin\client\jvm.dll
0x751b0000 - 0x751b7000 	C:\Windows\system32\WSOCK32.dll
0x75c30000 - 0x75c65000 	C:\Windows\syswow64\WS2_32.dll
0x75c70000 - 0x75c76000 	C:\Windows\syswow64\NSI.dll
0x74580000 - 0x745b2000 	C:\Windows\system32\WINMM.dll
0x75df0000 - 0x75df5000 	C:\Windows\syswow64\PSAPI.DLL
0x66680000 - 0x6668c000 	C:\Program Files (x86)\Java\jdk1.7.0_45\jre\bin\verify.dll
0x54950000 - 0x54970000 	C:\Program Files (x86)\Java\jdk1.7.0_45\jre\bin\java.dll
0x548e0000 - 0x5490a000 	C:\Program Files (x86)\Java\jdk1.7.0_45\jre\bin\jdwp.dll
0x548d0000 - 0x548d7000 	C:\Program Files (x86)\Java\jdk1.7.0_45\jre\bin\npt.dll
0x548b0000 - 0x548c3000 	C:\Program Files (x86)\Java\jdk1.7.0_45\jre\bin\zip.dll
0x548a0000 - 0x548a8000 	C:\Program Files (x86)\Java\jdk1.7.0_45\jre\bin\dt_socket.dll
0x74fe0000 - 0x74ff0000 	C:\Windows\system32\NLAapi.dll
0x74fd0000 - 0x74fe0000 	C:\Windows\system32\napinsp.dll
0x74fb0000 - 0x74fc2000 	C:\Windows\system32\pnrpnsp.dll
0x751c0000 - 0x751fc000 	C:\Windows\System32\mswsock.dll
0x75070000 - 0x750b4000 	C:\Windows\system32\DNSAPI.dll
0x74fa0000 - 0x74fa8000 	C:\Windows\System32\winrnr.dll
0x74f90000 - 0x74f9d000 	C:\Windows\system32\wshbth.dll
0x75050000 - 0x7506c000 	C:\Windows\system32\IPHLPAPI.DLL
0x75040000 - 0x75047000 	C:\Windows\system32\WINNSI.DLL
0x74ff0000 - 0x75028000 	C:\Windows\System32\fwpuclnt.dll
0x75030000 - 0x75036000 	C:\Windows\system32\rasadhlp.dll
0x75170000 - 0x75175000 	C:\Windows\System32\wshtcpip.dll
0x54370000 - 0x54390000 	C:\Program Files (x86)\Java\jdk1.7.0_45\jre\bin\sunec.dll
0x54870000 - 0x54884000 	C:\Program Files (x86)\Java\jdk1.7.0_45\jre\bin\net.dll
0x75180000 - 0x75186000 	C:\Windows\System32\wship6.dll
0x54360000 - 0x54369000 	C:\Program Files (x86)\Java\jdk1.7.0_45\jre\bin\sunmscapi.dll
0x756d0000 - 0x757f2000 	C:\Windows\syswow64\CRYPT32.dll
0x75f50000 - 0x75f5c000 	C:\Windows\syswow64\MSASN1.dll
0x740e0000 - 0x741cb000 	C:\Windows\system32\dbghelp.dll

VM Arguments:
jvm_args: -agentlib:jdwp=transport=dt_socket,suspend=y,address=localhost:52749 -Dfile.encoding=Cp1252 
java_command: com.bo.jobs.Test
Launcher Type: SUN_STANDARD

Environment Variables:
CLASSPATH=D:\Program Files (x86)\IBM\WebSphere MQ\java\lib\com.ibm.mqjms.jar;D:\Program Files (x86)\IBM\WebSphere MQ\java\lib\com.ibm.mq.jar
USERNAME=niveditha.g
OS=Windows_NT
PROCESSOR_IDENTIFIER=Intel64 Family 6 Model 78 Stepping 3, GenuineIntel



---------------  S Y S T E M  ---------------

OS: Windows 7 , 64 bit Build 7601 Service Pack 1

CPU:total 4 (2 cores per cpu, 2 threads per core) family 6 model 78 stepping 3, cmov, cx8, fxsr, mmx, sse, sse2, sse3, ssse3, sse4.1, sse4.2, popcnt, avx, avx2, aes, erms, ht, tsc, tscinvbit

Memory: 4k page, physical 8244076k(619596k free), swap 16486256k(7305824k free)

vm_info: Java HotSpot(TM) Client VM (24.45-b08) for windows-x86 JRE (1.7.0_45-b18), built on Oct  8 2013 06:02:43 by "java_re" with unknown MS VC++:1600

time: Wed Oct 03 14:51:20 2018
elapsed time: 3 seconds

